<?xml version="1.0" encoding="UTF-8"?>
<!-- Generated by org.testng.reporters.JUnitXMLReporter -->
<testsuite hostname="LTIN135783" ignored="0" name="Test" tests="1" failures="1" timestamp="2020-05-19T17:16:34 IST" time="36.86" errors="0">
  <testcase name="feature" time="35.144" classname="cucumber.api.testng.AbstractTestNGCucumberTests">
    <failure type="cucumber.runtime.CucumberException" message="java.lang.NullPointerException">
      <![CDATA[cucumber.runtime.CucumberException: java.lang.NullPointerException
at cucumber.api.testng.TestNGCucumberRunner.runCucumber(TestNGCucumberRunner.java:69)
at cucumber.api.testng.AbstractTestNGCucumberTests.feature(AbstractTestNGCucumberTests.java:21)
at java.util.ArrayList.forEach(Unknown Source)
Caused by: java.lang.NullPointerException
at pages.actions.SearchCarsPageActions.selectCarMake(SearchCarsPageActions.java:22)
at stepDefinations.SearchCars.select_carbrand_as_from_the_Any_Make_dropdown(SearchCars.java:48)
at âœ½.And select carbrand as "Ford" from the Any Make dropdown(SearchCars.feature:21)
... Removed 27 stack frames]]>
    </failure>
  </testcase> <!-- feature -->
</testsuite> <!-- Test -->
